<?xml version="1.0" encoding="UTF-8"?>
<!-- Generated by org.testng.reporters.JUnitReportReporter -->
<testsuite hostname="Dell-52STKP2-NS" failures="0" tests="1" name="intro.A" time="0.915" errors="0" timestamp="30 Apr 2022 17:29:22 GMT">
  <testcase classname="intro.A" name="abc" time="0.915"/>
</testsuite> <!-- intro.A -->
