<?xml version="1.0" encoding="UTF-8"?>
<!-- Generated by org.testng.reporters.JUnitReportReporter -->
<testsuite hostname="DIGI-52STKP2-NS" failures="0" tests="1" name="intro.Login" time="4.567" errors="0" timestamp="15 Feb 2022 13:48:27 GMT">
  <testcase classname="intro.Login" name="loginUser" time="4.567"/>
</testsuite> <!-- intro.Login -->
