<?xml version="1.0" encoding="UTF-8"?>
<!-- Generated by org.testng.reporters.JUnitReportReporter -->
<testsuite hostname="Dell-52STKP2-NS" failures="0" tests="1" name="intro.Login" time="1.263" errors="0" timestamp="30 Apr 2022 17:29:22 GMT">
  <testcase classname="intro.Login" name="loginUser" time="1.263"/>
</testsuite> <!-- intro.Login -->
