<?xml version="1.0" encoding="UTF-8"?>
<!-- Generated by org.testng.reporters.JUnitReportReporter -->
<testsuite hostname="Dell-52STKP2-NS" failures="0" tests="4" name="test.First" time="0.039" errors="0" timestamp="30 Apr 2022 17:29:22 GMT">
  <testcase classname="test.First" name="testCase4" time="0.009"/>
  <testcase classname="test.First" name="testCase1" time="0.007"/>
  <testcase classname="test.First" name="testCase3" time="0.013"/>
  <testcase classname="test.First" name="testCase2" time="0.010"/>
</testsuite> <!-- test.First -->
