<?xml version="1.0" encoding="UTF-8"?>
<!-- Generated by org.testng.reporters.JUnitReportReporter -->
<testsuite hostname="Dell-52STKP2-NS" failures="0" tests="4" name="test.DependentTest" time="0.021" errors="0" timestamp="30 Apr 2022 17:29:22 GMT">
  <testcase classname="test.DependentTest" name="testCase4" time="0.007"/>
  <testcase classname="test.DependentTest" name="testCase3" time="0.004"/>
  <testcase classname="test.DependentTest" name="testCase1" time="0.001"/>
  <testcase classname="test.DependentTest" name="testCase2" time="0.009"/>
</testsuite> <!-- test.DependentTest -->
