<?xml version="1.0" encoding="UTF-8"?>
<!-- Generated by org.testng.reporters.JUnitReportReporter -->
<testsuite hostname="DIGI-52STKP2-NS" failures="0" tests="1" name="intro.A" time="1.320" errors="0" timestamp="16 Feb 2022 06:25:30 GMT">
  <testcase classname="intro.A" name="abc" time="1.320"/>
</testsuite> <!-- intro.A -->
