<?xml version="1.0" encoding="UTF-8"?>
<!-- Generated by org.testng.reporters.JUnitReportReporter -->
<testsuite hostname="Dell-52STKP2-NS" failures="0" tests="4" name="test.DependentTest" time="0.012" errors="0" timestamp="30 Apr 2022 09:25:27 GMT">
  <testcase classname="test.DependentTest" name="testCase3" time="0.002"/>
  <testcase classname="test.DependentTest" name="testCase2" time="0.006"/>
  <testcase classname="test.DependentTest" name="testCase1" time="0.002"/>
  <testcase classname="test.DependentTest" name="testCase4" time="0.002"/>
</testsuite> <!-- test.DependentTest -->
